<?xml version="1.0" encoding="UTF-8"?>
<coverage generated="1764790119958" clover="3.2.0">
  <project timestamp="1764790119958" name="All files">
    <metrics statements="9" coveredstatements="9" conditionals="4" coveredconditionals="4" methods="1" coveredmethods="1" elements="14" coveredelements="14" complexity="0" loc="9" ncloc="9" packages="1" files="1" classes="1"/>
    <file name="listAll.js" path="C:\Users\zainu\OneDrive\Desktop\SQE PROJECT\idurar-erp-crm\backend\src\controllers\coreControllers\settingController\listAll.js">
      <metrics statements="9" coveredstatements="9" conditionals="4" coveredconditionals="4" methods="1" coveredmethods="1"/>
      <line num="1" count="8" type="stmt"/>
      <line num="2" count="8" type="stmt"/>
      <line num="4" count="8" type="stmt"/>
      <line num="5" count="8" type="cond" truecount="2" falsecount="0"/>
      <line num="8" count="8" type="stmt"/>
      <line num="13" count="6" type="cond" truecount="2" falsecount="0"/>
      <line num="14" count="4" type="stmt"/>
      <line num="20" count="2" type="stmt"/>
      <line num="28" count="8" type="stmt"/>
    </file>
  </project>
</coverage>
