{"C:\\Users\\zainu\\OneDrive\\Desktop\\SQE PROJECT\\idurar-erp-crm\\backend\\src\\middlewares\\uploadMiddleware\\LocalSingleStorage.js": {"path":"C:\\Users\\zainu\\OneDrive\\Desktop\\SQE PROJECT\\idurar-erp-crm\\backend\\src\\middlewares\\uploadMiddleware\\LocalSingleStorage.js","statementMap":{"0":{"start":{"line":1,"column":15},"end":{"line":1,"column":32}},"1":{"start":{"line":2,"column":13},"end":{"line":2,"column":28}},"2":{"start":{"line":3,"column":20},"end":{"line":3,"column":46}},"3":{"start":{"line":5,"column":19},"end":{"line":5,"column":53}},"4":{"start":{"line":7,"column":28},"end":{"line":56,"column":1}},"5":{"start":{"line":13,"column":20},"end":{"line":50,"column":4}},"6":{"start":{"line":15,"column":6},"end":{"line":15,"column":47}},"7":{"start":{"line":18,"column":6},"end":{"line":48,"column":7}},"8":{"start":{"line":20,"column":28},"end":{"line":20,"column":59}},"9":{"start":{"line":21,"column":27},"end":{"line":21,"column":65}},"10":{"start":{"line":23,"column":27},"end":{"line":23,"column":29}},"11":{"start":{"line":24,"column":8},"end":{"line":28,"column":9}},"12":{"start":{"line":25,"column":10},"end":{"line":25,"column":72}},"13":{"start":{"line":27,"column":10},"end":{"line":27,"column":86}},"14":{"start":{"line":30,"column":24},"end":{"line":30,"column":73}},"15":{"start":{"line":32,"column":25},"end":{"line":32,"column":64}},"16":{"start":{"line":34,"column":8},"end":{"line":41,"column":10}},"17":{"start":{"line":43,"column":8},"end":{"line":43,"column":39}},"18":{"start":{"line":45,"column":8},"end":{"line":45,"column":28}},"19":{"start":{"line":47,"column":8},"end":{"line":47,"column":18}},"20":{"start":{"line":52,"column":19},"end":{"line":52,"column":39}},"21":{"start":{"line":54,"column":24},"end":{"line":54,"column":95}},"22":{"start":{"line":55,"column":2},"end":{"line":55,"column":23}},"23":{"start":{"line":58,"column":0},"end":{"line":58,"column":37}}},"fnMap":{"0":{"name":"(anonymous_0)","decl":{"start":{"line":7,"column":28},"end":{"line":7,"column":29}},"loc":{"start":{"line":12,"column":6},"end":{"line":56,"column":1}},"line":12},"1":{"name":"(anonymous_1)","decl":{"start":{"line":14,"column":17},"end":{"line":14,"column":18}},"loc":{"start":{"line":14,"column":42},"end":{"line":16,"column":5}},"line":14},"2":{"name":"(anonymous_2)","decl":{"start":{"line":17,"column":14},"end":{"line":17,"column":15}},"loc":{"start":{"line":17,"column":39},"end":{"line":49,"column":5}},"line":17}},"branchMap":{"0":{"loc":{"start":{"line":9,"column":2},"end":{"line":9,"column":22}},"type":"default-arg","locations":[{"start":{"line":9,"column":13},"end":{"line":9,"column":22}}],"line":9},"1":{"loc":{"start":{"line":10,"column":2},"end":{"line":10,"column":26}},"type":"default-arg","locations":[{"start":{"line":10,"column":20},"end":{"line":10,"column":26}}],"line":10},"2":{"loc":{"start":{"line":11,"column":2},"end":{"line":11,"column":20}},"type":"default-arg","locations":[{"start":{"line":11,"column":14},"end":{"line":11,"column":20}}],"line":11},"3":{"loc":{"start":{"line":24,"column":8},"end":{"line":28,"column":9}},"type":"if","locations":[{"start":{"line":24,"column":8},"end":{"line":28,"column":9}},{"start":{"line":26,"column":15},"end":{"line":28,"column":9}}],"line":24}},"s":{"0":4,"1":4,"2":4,"3":4,"4":4,"5":4,"6":0,"7":3,"8":3,"9":2,"10":2,"11":2,"12":1,"13":1,"14":2,"15":2,"16":2,"17":2,"18":2,"19":1,"20":4,"21":4,"22":4,"23":4},"f":{"0":4,"1":0,"2":3},"b":{"0":[0],"1":[4],"2":[4],"3":[1,1]},"_coverageSchema":"1a1c01bbd47fc00a2c39e90264f33305004495a9","hash":"b21bf52664a52766065310eb339d57b4711b248e"}
,"C:\\Users\\zainu\\OneDrive\\Desktop\\SQE PROJECT\\idurar-erp-crm\\backend\\src\\middlewares\\uploadMiddleware\\utils\\LocalfileFilter.js": {"path":"C:\\Users\\zainu\\OneDrive\\Desktop\\SQE PROJECT\\idurar-erp-crm\\backend\\src\\middlewares\\uploadMiddleware\\utils\\LocalfileFilter.js","statementMap":{"0":{"start":{"line":2,"column":2},"end":{"line":82,"column":3}},"1":{"start":{"line":3,"column":2},"end":{"line":82,"column":3}},"2":{"start":{"line":5,"column":22},"end":{"line":23,"column":5}},"3":{"start":{"line":25,"column":4},"end":{"line":81,"column":5}},"4":{"start":{"line":26,"column":6},"end":{"line":26,"column":28}},"5":{"start":{"line":28,"column":18},"end":{"line":28,"column":51}},"6":{"start":{"line":30,"column":6},"end":{"line":74,"column":7}},"7":{"start":{"line":31,"column":8},"end":{"line":33,"column":9}},"8":{"start":{"line":32,"column":10},"end":{"line":32,"column":24}},"9":{"start":{"line":34,"column":13},"end":{"line":74,"column":7}},"10":{"start":{"line":35,"column":8},"end":{"line":37,"column":9}},"11":{"start":{"line":36,"column":10},"end":{"line":36,"column":24}},"12":{"start":{"line":38,"column":13},"end":{"line":74,"column":7}},"13":{"start":{"line":39,"column":8},"end":{"line":41,"column":9}},"14":{"start":{"line":40,"column":10},"end":{"line":40,"column":24}},"15":{"start":{"line":42,"column":13},"end":{"line":74,"column":7}},"16":{"start":{"line":43,"column":8},"end":{"line":45,"column":9}},"17":{"start":{"line":44,"column":10},"end":{"line":44,"column":24}},"18":{"start":{"line":46,"column":13},"end":{"line":74,"column":7}},"19":{"start":{"line":47,"column":8},"end":{"line":56,"column":9}},"20":{"start":{"line":55,"column":10},"end":{"line":55,"column":24}},"21":{"start":{"line":57,"column":13},"end":{"line":74,"column":7}},"22":{"start":{"line":58,"column":8},"end":{"line":65,"column":9}},"23":{"start":{"line":64,"column":10},"end":{"line":64,"column":24}},"24":{"start":{"line":66,"column":13},"end":{"line":74,"column":7}},"25":{"start":{"line":67,"column":8},"end":{"line":73,"column":9}},"26":{"start":{"line":72,"column":10},"end":{"line":72,"column":24}},"27":{"start":{"line":76,"column":6},"end":{"line":80,"column":7}},"28":{"start":{"line":77,"column":8},"end":{"line":77,"column":30}},"29":{"start":{"line":79,"column":8},"end":{"line":79,"column":74}},"30":{"start":{"line":84,"column":0},"end":{"line":84,"column":28}}},"fnMap":{"0":{"name":"(anonymous_0)","decl":{"start":{"line":2,"column":2},"end":{"line":2,"column":3}},"loc":{"start":{"line":3,"column":2},"end":{"line":82,"column":3}},"line":3},"1":{"name":"(anonymous_1)","decl":{"start":{"line":3,"column":2},"end":{"line":3,"column":3}},"loc":{"start":{"line":3,"column":21},"end":{"line":82,"column":3}},"line":3}},"branchMap":{"0":{"loc":{"start":{"line":2,"column":3},"end":{"line":2,"column":19}},"type":"default-arg","locations":[{"start":{"line":2,"column":10},"end":{"line":2,"column":19}}],"line":2},"1":{"loc":{"start":{"line":25,"column":4},"end":{"line":81,"column":5}},"type":"if","locations":[{"start":{"line":25,"column":4},"end":{"line":81,"column":5}},{"start":{"line":27,"column":11},"end":{"line":81,"column":5}}],"line":25},"2":{"loc":{"start":{"line":30,"column":6},"end":{"line":74,"column":7}},"type":"if","locations":[{"start":{"line":30,"column":6},"end":{"line":74,"column":7}},{"start":{"line":34,"column":13},"end":{"line":74,"column":7}}],"line":30},"3":{"loc":{"start":{"line":31,"column":8},"end":{"line":33,"column":9}},"type":"if","locations":[{"start":{"line":31,"column":8},"end":{"line":33,"column":9}},{"start":{},"end":{}}],"line":31},"4":{"loc":{"start":{"line":34,"column":13},"end":{"line":74,"column":7}},"type":"if","locations":[{"start":{"line":34,"column":13},"end":{"line":74,"column":7}},{"start":{"line":38,"column":13},"end":{"line":74,"column":7}}],"line":34},"5":{"loc":{"start":{"line":35,"column":8},"end":{"line":37,"column":9}},"type":"if","locations":[{"start":{"line":35,"column":8},"end":{"line":37,"column":9}},{"start":{},"end":{}}],"line":35},"6":{"loc":{"start":{"line":38,"column":13},"end":{"line":74,"column":7}},"type":"if","locations":[{"start":{"line":38,"column":13},"end":{"line":74,"column":7}},{"start":{"line":42,"column":13},"end":{"line":74,"column":7}}],"line":38},"7":{"loc":{"start":{"line":39,"column":8},"end":{"line":41,"column":9}},"type":"if","locations":[{"start":{"line":39,"column":8},"end":{"line":41,"column":9}},{"start":{},"end":{}}],"line":39},"8":{"loc":{"start":{"line":42,"column":13},"end":{"line":74,"column":7}},"type":"if","locations":[{"start":{"line":42,"column":13},"end":{"line":74,"column":7}},{"start":{"line":46,"column":13},"end":{"line":74,"column":7}}],"line":42},"9":{"loc":{"start":{"line":43,"column":8},"end":{"line":45,"column":9}},"type":"if","locations":[{"start":{"line":43,"column":8},"end":{"line":45,"column":9}},{"start":{},"end":{}}],"line":43},"10":{"loc":{"start":{"line":46,"column":13},"end":{"line":74,"column":7}},"type":"if","locations":[{"start":{"line":46,"column":13},"end":{"line":74,"column":7}},{"start":{"line":57,"column":13},"end":{"line":74,"column":7}}],"line":46},"11":{"loc":{"start":{"line":47,"column":8},"end":{"line":56,"column":9}},"type":"if","locations":[{"start":{"line":47,"column":8},"end":{"line":56,"column":9}},{"start":{},"end":{}}],"line":47},"12":{"loc":{"start":{"line":48,"column":10},"end":{"line":53,"column":11}},"type":"binary-expr","locations":[{"start":{"line":48,"column":10},"end":{"line":48,"column":44}},{"start":{"line":49,"column":10},"end":{"line":49,"column":63}},{"start":{"line":50,"column":10},"end":{"line":50,"column":57}},{"start":{"line":51,"column":10},"end":{"line":53,"column":11}}],"line":48},"13":{"loc":{"start":{"line":57,"column":13},"end":{"line":74,"column":7}},"type":"if","locations":[{"start":{"line":57,"column":13},"end":{"line":74,"column":7}},{"start":{"line":66,"column":13},"end":{"line":74,"column":7}}],"line":57},"14":{"loc":{"start":{"line":58,"column":8},"end":{"line":65,"column":9}},"type":"if","locations":[{"start":{"line":58,"column":8},"end":{"line":65,"column":9}},{"start":{},"end":{}}],"line":58},"15":{"loc":{"start":{"line":59,"column":10},"end":{"line":62,"column":11}},"type":"binary-expr","locations":[{"start":{"line":59,"column":10},"end":{"line":59,"column":63}},{"start":{"line":60,"column":10},"end":{"line":62,"column":11}}],"line":59},"16":{"loc":{"start":{"line":66,"column":13},"end":{"line":74,"column":7}},"type":"if","locations":[{"start":{"line":66,"column":13},"end":{"line":74,"column":7}},{"start":{},"end":{}}],"line":66},"17":{"loc":{"start":{"line":67,"column":8},"end":{"line":73,"column":9}},"type":"if","locations":[{"start":{"line":67,"column":8},"end":{"line":73,"column":9}},{"start":{},"end":{}}],"line":67},"18":{"loc":{"start":{"line":68,"column":10},"end":{"line":70,"column":58}},"type":"binary-expr","locations":[{"start":{"line":68,"column":10},"end":{"line":68,"column":54}},{"start":{"line":69,"column":10},"end":{"line":69,"column":67}},{"start":{"line":70,"column":10},"end":{"line":70,"column":58}}],"line":68},"19":{"loc":{"start":{"line":76,"column":6},"end":{"line":80,"column":7}},"type":"if","locations":[{"start":{"line":76,"column":6},"end":{"line":80,"column":7}},{"start":{"line":78,"column":13},"end":{"line":80,"column":7}}],"line":76}},"s":{"0":1,"1":0,"2":0,"3":0,"4":0,"5":0,"6":0,"7":0,"8":0,"9":0,"10":0,"11":0,"12":0,"13":0,"14":0,"15":0,"16":0,"17":0,"18":0,"19":0,"20":0,"21":0,"22":0,"23":0,"24":0,"25":0,"26":0,"27":0,"28":0,"29":0,"30":1},"f":{"0":0,"1":0},"b":{"0":[0],"1":[0,0],"2":[0,0],"3":[0,0],"4":[0,0],"5":[0,0],"6":[0,0],"7":[0,0],"8":[0,0],"9":[0,0],"10":[0,0],"11":[0,0],"12":[0,0,0,0],"13":[0,0],"14":[0,0],"15":[0,0],"16":[0,0],"17":[0,0],"18":[0,0,0],"19":[0,0]},"_coverageSchema":"1a1c01bbd47fc00a2c39e90264f33305004495a9","hash":"d1c08ac89c5e801ef6b3c18d002ee14dd68bf46d"}
}
