{"C:\\Users\\zainu\\OneDrive\\Desktop\\SQE PROJECT\\idurar-erp-crm\\backend\\src\\controllers\\coreControllers\\settingController\\listAll.js": {"path":"C:\\Users\\zainu\\OneDrive\\Desktop\\SQE PROJECT\\idurar-erp-crm\\backend\\src\\controllers\\coreControllers\\settingController\\listAll.js","statementMap":{"0":{"start":{"line":1,"column":17},"end":{"line":1,"column":36}},"1":{"start":{"line":2,"column":14},"end":{"line":2,"column":39}},"2":{"start":{"line":4,"column":16},"end":{"line":26,"column":1}},"3":{"start":{"line":5,"column":15},"end":{"line":5,"column":49}},"4":{"start":{"line":8,"column":17},"end":{"line":11,"column":28}},"5":{"start":{"line":13,"column":2},"end":{"line":25,"column":3}},"6":{"start":{"line":14,"column":4},"end":{"line":18,"column":7}},"7":{"start":{"line":20,"column":4},"end":{"line":24,"column":7}},"8":{"start":{"line":28,"column":0},"end":{"line":28,"column":25}}},"fnMap":{"0":{"name":"(anonymous_0)","decl":{"start":{"line":4,"column":16},"end":{"line":4,"column":17}},"loc":{"start":{"line":4,"column":36},"end":{"line":26,"column":1}},"line":4}},"branchMap":{"0":{"loc":{"start":{"line":5,"column":15},"end":{"line":5,"column":49}},"type":"binary-expr","locations":[{"start":{"line":5,"column":15},"end":{"line":5,"column":39}},{"start":{"line":5,"column":43},"end":{"line":5,"column":49}}],"line":5},"1":{"loc":{"start":{"line":13,"column":2},"end":{"line":25,"column":3}},"type":"if","locations":[{"start":{"line":13,"column":2},"end":{"line":25,"column":3}},{"start":{"line":19,"column":9},"end":{"line":25,"column":3}}],"line":13}},"s":{"0":8,"1":8,"2":8,"3":8,"4":8,"5":6,"6":4,"7":2,"8":8},"f":{"0":8},"b":{"0":[8,7],"1":[4,2]},"_coverageSchema":"1a1c01bbd47fc00a2c39e90264f33305004495a9","hash":"0298ce29e2b36d24c9840905dc4231ffb9c9e191"}
}
