TN:
SF:src\controllers\appControllers\clientController\summary.js
FN:6,(anonymous_0)
FNF:1
FNH:1
FNDA:13,(anonymous_0)
DA:1,1
DA:2,1
DA:4,1
DA:6,1
DA:7,13
DA:8,13
DA:10,13
DA:11,11
DA:12,2
DA:13,1
DA:20,12
DA:21,12
DA:22,12
DA:24,12
DA:77,12
DA:79,11
DA:80,11
DA:81,11
DA:82,11
DA:84,11
DA:85,11
DA:87,11
DA:97,1
LF:23
LH:23
BRDA:10,0,0,11
BRDA:10,0,1,2
BRDA:10,1,0,13
BRDA:10,1,1,12
BRDA:12,2,0,1
BRDA:12,2,1,1
BRDA:80,3,0,10
BRDA:80,3,1,1
BRDA:81,4,0,10
BRDA:81,4,1,1
BRDA:82,5,0,10
BRDA:82,5,1,1
BRDA:84,6,0,9
BRDA:84,6,1,2
BRDA:85,7,0,9
BRDA:85,7,1,2
BRF:16
BRH:16
end_of_record
TN:
SF:src\controllers\appControllers\invoiceController\create.js
FN:9,(anonymous_0)
FN:30,(anonymous_1)
FNF:2
FNH:2
FNDA:5,(anonymous_0)
FNDA:4,(anonymous_1)
DA:1,1
DA:3,1
DA:5,1
DA:6,1
DA:7,1
DA:9,1
DA:10,5
DA:12,5
DA:13,5
DA:14,1
DA:15,1
DA:22,4
DA:25,4
DA:26,4
DA:27,4
DA:30,4
DA:31,4
DA:33,4
DA:35,4
DA:37,4
DA:38,4
DA:40,4
DA:41,4
DA:42,4
DA:43,4
DA:45,4
DA:47,4
DA:48,4
DA:51,4
DA:52,4
DA:53,4
DA:62,4
DA:67,4
DA:74,1
LF:34
LH:34
BRDA:13,0,0,1
BRDA:13,0,1,4
BRDA:22,1,0,0
BRDA:22,2,0,0
BRDA:22,3,0,0
BRDA:45,4,0,2
BRDA:45,4,1,2
BRF:7
BRH:4
end_of_record
TN:
SF:src\controllers\appControllers\invoiceController\paginatedList.js
FN:5,(anonymous_0)
FNF:1
FNH:1
FNDA:5,(anonymous_0)
DA:1,1
DA:3,1
DA:5,1
DA:6,5
DA:7,5
DA:8,5
DA:10,5
DA:12,5
DA:16,5
DA:18,5
DA:19,2
DA:23,5
DA:36,5
DA:44,5
DA:46,5
DA:49,5
DA:50,5
DA:51,4
DA:58,1
DA:67,1
LF:20
LH:20
BRDA:6,0,0,5
BRDA:6,0,1,4
BRDA:7,1,0,5
BRDA:7,1,1,4
BRDA:10,2,0,4
BRDA:10,3,0,4
BRDA:12,4,0,1
BRDA:12,4,1,4
BRDA:16,5,0,4
BRDA:16,5,1,1
BRDA:50,6,0,4
BRDA:50,6,1,1
BRF:12
BRH:12
end_of_record
TN:
SF:src\controllers\appControllers\invoiceController\read.js
FN:5,(anonymous_0)
FNF:1
FNH:1
FNDA:3,(anonymous_0)
DA:1,1
DA:3,1
DA:5,1
DA:7,3
DA:14,3
DA:15,1
DA:22,2
DA:30,1
LF:8
LH:8
BRDA:14,0,0,1
BRDA:14,0,1,2
BRF:2
BRH:2
end_of_record
TN:
SF:src\controllers\appControllers\invoiceController\remove.js
FN:6,(anonymous_0)
FNF:1
FNH:1
FNDA:2,(anonymous_0)
DA:1,1
DA:3,1
DA:4,1
DA:6,1
DA:7,2
DA:19,2
DA:20,1
DA:26,1
DA:30,1
DA:37,1
LF:10
LH:10
BRDA:19,0,0,1
BRDA:19,0,1,1
BRF:2
BRH:2
end_of_record
TN:
SF:src\controllers\appControllers\invoiceController\schemaValidate.js
FNF:0
FNH:0
DA:1,1
DA:2,1
DA:26,1
LF:3
LH:3
BRF:0
BRH:0
end_of_record
TN:
SF:src\controllers\appControllers\invoiceController\summary.js
FN:8,(anonymous_0)
FN:134,(anonymous_1)
FN:141,(anonymous_2)
FN:148,(anonymous_3)
FN:156,(anonymous_4)
FN:158,(anonymous_5)
FNF:6
FNH:5
FNDA:3,(anonymous_0)
FNDA:2,(anonymous_1)
FNDA:2,(anonymous_2)
FNDA:0,(anonymous_3)
FNDA:12,(anonymous_4)
FNDA:22,(anonymous_5)
DA:1,1
DA:2,1
DA:4,1
DA:6,1
DA:8,1
DA:9,3
DA:11,3
DA:13,3
DA:15,3
DA:16,2
DA:17,1
DA:19,1
DA:27,2
DA:28,2
DA:29,2
DA:31,2
DA:33,2
DA:127,2
DA:129,2
DA:130,2
DA:131,2
DA:132,2
DA:134,2
DA:135,2
DA:141,2
DA:142,2
DA:148,2
DA:149,0
DA:156,2
DA:157,12
DA:158,22
DA:160,12
DA:161,4
DA:165,2
DA:197,2
DA:204,2
DA:211,1
LF:37
LH:36
BRDA:15,0,0,2
BRDA:15,0,1,1
BRDA:16,1,0,1
BRDA:16,1,1,1
BRDA:129,2,0,2
BRDA:129,2,1,0
BRDA:130,3,0,2
BRDA:130,3,1,0
BRDA:131,4,0,2
BRDA:131,4,1,0
BRDA:132,5,0,2
BRDA:132,5,1,0
BRDA:160,6,0,4
BRDA:160,6,1,8
BRDA:199,7,0,2
BRDA:199,7,1,0
BRF:16
BRH:11
end_of_record
TN:
SF:src\controllers\appControllers\paymentController\remove.js
FN:6,(anonymous_0)
FNF:1
FNH:1
FNDA:2,(anonymous_0)
DA:1,1
DA:3,1
DA:4,1
DA:6,1
DA:8,2
DA:13,2
DA:14,1
DA:21,1
DA:22,1
DA:25,1
DA:29,1
DA:39,1
DA:45,1
DA:61,1
DA:67,1
LF:15
LH:15
BRDA:13,0,0,1
BRDA:13,0,1,1
BRDA:39,1,0,0
BRDA:39,1,1,1
BRDA:41,2,0,1
BRDA:41,2,1,0
BRF:6
BRH:4
end_of_record
TN:
SF:src\controllers\appControllers\paymentController\summary.js
FN:7,(anonymous_0)
FNF:1
FNH:1
FNDA:4,(anonymous_0)
DA:1,1
DA:2,1
DA:4,1
DA:5,1
DA:7,1
DA:8,4
DA:10,4
DA:12,4
DA:14,3
DA:15,3
DA:16,0
DA:18,3
DA:26,0
DA:27,0
DA:28,0
DA:31,0
DA:62,0
DA:69,1
LF:18
LH:12
BRDA:14,0,0,3
BRDA:14,0,1,0
BRDA:15,1,0,0
BRDA:15,1,1,3
BRDA:64,2,0,0
BRDA:64,2,1,0
BRF:6
BRH:2
end_of_record
TN:
SF:src\controllers\appControllers\quoteController\convertQuoteToInvoice.js
FN:1,(anonymous_0)
FNF:1
FNH:1
FNDA:23,(anonymous_0)
DA:1,1
DA:2,23
DA:9,1
LF:3
LH:3
BRF:0
BRH:0
end_of_record
TN:
SF:src\controllers\appControllers\quoteController\create.js
FN:8,(anonymous_0)
FN:18,(anonymous_1)
FNF:2
FNH:2
FNDA:20,(anonymous_0)
FNDA:16,(anonymous_1)
DA:1,1
DA:3,1
DA:5,1
DA:6,1
DA:8,1
DA:9,20
DA:12,20
DA:13,20
DA:14,20
DA:18,20
DA:19,16
DA:21,16
DA:23,16
DA:25,20
DA:26,19
DA:28,19
DA:30,19
DA:31,19
DA:32,19
DA:33,19
DA:34,19
DA:37,18
DA:38,17
DA:39,17
DA:48,17
DA:53,16
DA:59,1
LF:27
LH:27
BRDA:9,0,0,0
BRDA:9,1,0,1
BRDA:9,2,0,1
BRF:3
BRH:2
end_of_record
TN:
SF:src\controllers\appControllers\quoteController\paginatedList.js
FN:5,(anonymous_0)
FNF:1
FNH:1
FNDA:31,(anonymous_0)
DA:1,31
DA:3,31
DA:5,31
DA:6,31
DA:7,31
DA:8,31
DA:11,31
DA:13,31
DA:17,31
DA:19,31
DA:20,112
DA:24,30
DA:37,30
DA:45,30
DA:47,29
DA:50,29
DA:51,29
DA:52,0
DA:59,29
DA:68,31
LF:20
LH:19
BRDA:6,0,0,31
BRDA:6,0,1,26
BRDA:7,1,0,31
BRDA:7,1,1,28
BRDA:11,2,0,30
BRDA:11,3,0,29
BRDA:13,4,0,7
BRDA:13,4,1,24
BRDA:17,5,0,24
BRDA:17,5,1,7
BRDA:51,6,0,0
BRDA:51,6,1,29
BRF:12
BRH:11
end_of_record
TN:
SF:src\controllers\appControllers\quoteController\read.js
FN:5,(anonymous_0)
FNF:1
FNH:1
FNDA:13,(anonymous_0)
DA:1,13
DA:3,13
DA:5,13
DA:7,13
DA:14,11
DA:15,6
DA:22,5
DA:30,13
LF:8
LH:8
BRDA:14,0,0,6
BRDA:14,0,1,5
BRF:2
BRH:2
end_of_record
TN:
SF:src\controllers\appControllers\quoteController\sendMail.js
FN:1,(anonymous_0)
FNF:1
FNH:1
FNDA:11,(anonymous_0)
DA:1,1
DA:2,11
DA:9,1
LF:3
LH:3
BRF:0
BRH:0
end_of_record
TN:
SF:src\controllers\coreControllers\settingController\listAll.js
FN:4,(anonymous_0)
FNF:1
FNH:1
FNDA:8,(anonymous_0)
DA:1,8
DA:2,8
DA:4,8
DA:5,8
DA:8,8
DA:13,6
DA:14,4
DA:20,2
DA:28,8
LF:9
LH:9
BRDA:5,0,0,8
BRDA:5,0,1,7
BRDA:13,1,0,4
BRDA:13,1,1,2
BRF:4
BRH:4
end_of_record
TN:
SF:src\controllers\coreControllers\settingController\listBySettingKey.js
FN:5,(anonymous_0)
FNF:1
FNH:1
FNDA:9,(anonymous_0)
DA:1,9
DA:3,9
DA:5,9
DA:8,9
DA:10,9
DA:12,9
DA:13,1
DA:23,8
DA:24,10
DA:27,8
DA:32,5
DA:33,4
DA:39,1
DA:50,9
LF:14
LH:14
BRDA:8,0,0,8
BRDA:8,0,1,1
BRDA:12,1,0,1
BRDA:12,1,1,8
BRDA:32,2,0,4
BRDA:32,2,1,1
BRF:6
BRH:6
end_of_record
TN:
SF:src\controllers\coreControllers\settingController\readBySettingKey.js
FN:5,(anonymous_0)
FNF:1
FNH:1
FNDA:11,(anonymous_0)
DA:1,11
DA:3,11
DA:5,11
DA:7,11
DA:9,11
DA:10,4
DA:17,7
DA:22,6
DA:23,3
DA:30,3
DA:38,11
LF:11
LH:11
BRDA:7,0,0,11
BRDA:7,0,1,4
BRDA:9,1,0,4
BRDA:9,1,1,7
BRDA:22,2,0,3
BRDA:22,2,1,3
BRF:6
BRH:6
end_of_record
TN:
SF:src\controllers\coreControllers\settingController\updateBySettingKey.js
FN:5,(anonymous_0)
FNF:1
FNH:1
FNDA:16,(anonymous_0)
DA:1,16
DA:3,16
DA:5,16
DA:6,16
DA:8,16
DA:9,5
DA:15,11
DA:17,11
DA:18,5
DA:24,6
DA:34,4
DA:35,2
DA:41,2
DA:49,16
LF:14
LH:14
BRDA:6,0,0,16
BRDA:6,0,1,5
BRDA:8,1,0,5
BRDA:8,1,1,11
BRDA:17,2,0,5
BRDA:17,2,1,6
BRDA:34,3,0,2
BRDA:34,3,1,2
BRF:8
BRH:8
end_of_record
TN:
SF:src\controllers\coreControllers\settingController\updateManySetting.js
FN:5,(anonymous_0)
FNF:1
FNH:1
FNDA:14,(anonymous_0)
DA:1,14
DA:3,14
DA:5,14
DA:7,14
DA:8,14
DA:9,14
DA:11,14
DA:12,19
DA:13,2
DA:14,2
DA:17,17
DA:19,17
DA:27,14
DA:28,3
DA:34,11
DA:35,1
DA:41,10
DA:43,8
DA:44,2
DA:50,6
DA:58,14
LF:21
LH:21
BRDA:12,0,0,2
BRDA:12,0,1,17
BRDA:12,1,0,19
BRDA:12,1,1,19
BRDA:27,2,0,3
BRDA:27,2,1,11
BRDA:34,3,0,1
BRDA:34,3,1,10
BRDA:43,4,0,2
BRDA:43,4,1,6
BRDA:43,5,0,8
BRDA:43,5,1,8
BRF:12
BRH:12
end_of_record
TN:
SF:src\controllers\middlewaresControllers\createAuthMiddleware\authUser.js
FN:4,(anonymous_0)
FNF:1
FNH:1
FNDA:19,(anonymous_0)
DA:1,2
DA:2,2
DA:4,2
DA:5,19
DA:7,17
DA:8,2
DA:14,15
DA:15,13
DA:23,13
DA:40,11
DA:55,2
DA:63,2
LF:12
LH:12
BRDA:7,0,0,2
BRDA:7,0,1,15
BRDA:14,1,0,13
BRDA:14,1,1,2
BRDA:20,2,0,3
BRDA:20,2,1,10
BRDA:50,3,0,3
BRDA:50,3,1,8
BRF:8
BRH:8
end_of_record
TN:
SF:src\controllers\middlewaresControllers\createAuthMiddleware\checkAndCorrectURL.js
FN:1,checkAndCorrectURL
FNF:1
FNH:1
FNDA:3,checkAndCorrectURL
DA:3,3
DA:6,3
DA:9,3
DA:11,3
DA:12,3
DA:15,1
LF:6
LH:6
BRDA:11,0,0,1
BRDA:11,0,1,2
BRF:2
BRH:2
end_of_record
TN:
SF:src\controllers\middlewaresControllers\createAuthMiddleware\forgetPassword.js
FN:10,(anonymous_0)
FNF:1
FNH:1
FNDA:4,(anonymous_0)
DA:1,1
DA:3,1
DA:5,1
DA:6,1
DA:7,1
DA:8,1
DA:10,1
DA:11,4
DA:12,4
DA:13,4
DA:16,4
DA:22,4
DA:23,4
DA:24,1
DA:33,3
DA:34,3
DA:37,2
DA:38,0
DA:44,2
DA:45,2
DA:53,2
DA:54,2
DA:55,2
DA:57,2
DA:59,2
DA:61,2
DA:70,1
DA:77,1
LF:28
LH:27
BRDA:23,0,0,1
BRDA:23,0,1,3
BRDA:37,1,0,0
BRDA:37,1,1,2
BRF:4
BRH:3
end_of_record
TN:
SF:src\controllers\middlewaresControllers\createAuthMiddleware\isValidAuthToken.js
FN:5,(anonymous_0)
FNF:1
FNH:1
FNDA:8,(anonymous_0)
DA:1,1
DA:3,1
DA:5,1
DA:6,8
DA:7,8
DA:8,8
DA:11,8
DA:12,8
DA:14,8
DA:15,2
DA:22,6
DA:24,5
DA:25,1
DA:32,4
DA:33,4
DA:35,4
DA:37,4
DA:38,1
DA:45,3
DA:47,3
DA:48,1
DA:55,2
DA:56,2
DA:57,2
DA:60,1
DA:71,1
LF:26
LH:26
BRDA:5,0,0,7
BRDA:12,1,0,8
BRDA:12,1,1,7
BRDA:14,2,0,2
BRDA:14,2,1,6
BRDA:24,3,0,1
BRDA:24,3,1,4
BRDA:37,4,0,1
BRDA:37,4,1,3
BRDA:47,5,0,1
BRDA:47,5,1,2
BRF:11
BRH:11
end_of_record
TN:
SF:src\controllers\middlewaresControllers\createAuthMiddleware\login.js
FN:7,(anonymous_0)
FNF:1
FNH:1
FNDA:5,(anonymous_0)
DA:1,1
DA:3,1
DA:5,1
DA:7,1
DA:8,5
DA:9,5
DA:10,5
DA:13,5
DA:20,5
DA:21,5
DA:22,2
DA:31,3
DA:34,3
DA:35,1
DA:41,2
DA:43,2
DA:44,1
DA:51,1
DA:59,1
LF:19
LH:19
BRDA:21,0,0,2
BRDA:21,0,1,3
BRDA:34,1,0,1
BRDA:34,1,1,2
BRDA:43,2,0,1
BRDA:43,2,1,1
BRF:6
BRH:6
end_of_record
TN:
SF:src\controllers\middlewaresControllers\createAuthMiddleware\logout.js
FN:3,(anonymous_0)
FNF:1
FNH:1
FNDA:2,(anonymous_0)
DA:1,1
DA:3,1
DA:4,2
DA:8,2
DA:9,2
DA:11,2
DA:12,1
DA:20,1
DA:28,2
DA:35,1
LF:10
LH:10
BRDA:9,0,0,2
BRDA:9,0,1,1
BRDA:11,1,0,1
BRDA:11,1,1,1
BRF:4
BRH:4
end_of_record
TN:
SF:src\controllers\middlewaresControllers\createAuthMiddleware\resetPassword.js
FN:8,(anonymous_0)
FNF:1
FNH:1
FNDA:5,(anonymous_0)
DA:1,1
DA:2,1
DA:3,1
DA:4,1
DA:6,1
DA:8,1
DA:9,5
DA:10,5
DA:11,5
DA:13,5
DA:14,5
DA:16,5
DA:17,1
DA:23,4
DA:24,1
DA:30,3
DA:31,3
DA:32,1
DA:39,2
DA:45,2
DA:46,2
DA:47,1
DA:56,1
DA:57,1
DA:58,1
DA:60,1
DA:68,1
DA:83,1
DA:97,1
DA:113,1
LF:30
LH:30
BRDA:16,0,0,1
BRDA:16,0,1,4
BRDA:23,1,0,1
BRDA:23,1,1,3
BRDA:23,2,0,4
BRDA:23,2,1,3
BRDA:31,3,0,1
BRDA:31,3,1,2
BRDA:31,4,0,3
BRDA:31,4,1,2
BRDA:31,4,2,2
BRDA:46,5,0,1
BRDA:46,5,1,1
BRDA:83,6,0,1
BRDA:83,6,1,0
BRDA:84,7,0,1
BRDA:84,7,1,1
BRDA:84,7,2,1
BRDA:107,8,0,0
BRDA:107,8,1,1
BRF:20
BRH:18
end_of_record
TN:
SF:src\controllers\middlewaresControllers\createAuthMiddleware\sendMail.js
FN:5,(anonymous_0)
FNF:1
FNH:1
FNDA:2,(anonymous_0)
DA:1,1
DA:3,1
DA:5,1
DA:14,2
DA:16,2
DA:23,1
DA:26,1
LF:7
LH:7
BRDA:10,0,0,1
BRDA:11,1,0,2
BRF:2
BRH:2
end_of_record
TN:
SF:src\controllers\middlewaresControllers\createCRUDController\create.js
FN:1,(anonymous_0)
FNF:1
FNH:1
FNDA:1,(anonymous_0)
DA:1,1
DA:3,1
DA:4,1
DA:9,1
DA:16,1
LF:5
LH:5
BRF:0
BRH:0
end_of_record
TN:
SF:src\controllers\middlewaresControllers\createCRUDController\filter.js
FN:1,(anonymous_0)
FNF:1
FNH:1
FNDA:3,(anonymous_0)
DA:1,1
DA:2,3
DA:3,1
DA:9,2
DA:15,2
DA:16,1
DA:23,1
DA:31,1
LF:8
LH:8
BRDA:2,0,0,1
BRDA:2,0,1,2
BRDA:2,1,0,3
BRDA:2,1,1,2
BRDA:15,2,0,1
BRDA:15,2,1,1
BRF:6
BRH:6
end_of_record
TN:
SF:src\controllers\middlewaresControllers\createCRUDController\listAll.js
FN:1,(anonymous_0)
FNF:1
FNH:1
FNDA:4,(anonymous_0)
DA:1,1
DA:2,4
DA:3,4
DA:8,4
DA:9,3
DA:16,1
DA:25,4
DA:26,3
DA:32,1
DA:40,1
LF:10
LH:10
BRDA:2,0,0,4
BRDA:2,0,1,3
BRDA:3,1,0,4
BRDA:3,1,1,3
BRDA:8,2,0,3
BRDA:8,2,1,1
BRDA:25,3,0,3
BRDA:25,3,1,1
BRF:8
BRH:8
end_of_record
TN:
SF:src\controllers\middlewaresControllers\createCRUDController\paginatedList.js
FN:1,(anonymous_0)
FNF:1
FNH:1
FNDA:4,(anonymous_0)
DA:1,1
DA:2,4
DA:3,4
DA:4,4
DA:6,4
DA:8,4
DA:12,4
DA:14,4
DA:15,2
DA:19,4
DA:32,4
DA:39,4
DA:42,4
DA:45,4
DA:46,4
DA:47,3
DA:54,1
DA:63,1
LF:18
LH:18
BRDA:2,0,0,4
BRDA:2,0,1,3
BRDA:3,1,0,4
BRDA:3,1,1,3
BRDA:6,2,0,3
BRDA:6,3,0,3
BRDA:8,4,0,1
BRDA:8,4,1,3
BRDA:12,5,0,3
BRDA:12,5,1,1
BRDA:46,6,0,3
BRDA:46,6,1,1
BRF:12
BRH:12
end_of_record
TN:
SF:src\controllers\middlewaresControllers\createCRUDController\read.js
FN:1,(anonymous_0)
FNF:1
FNH:1
FNDA:2,(anonymous_0)
DA:1,1
DA:3,2
DA:8,2
DA:9,1
DA:16,1
DA:24,1
LF:6
LH:6
BRDA:8,0,0,1
BRDA:8,0,1,1
BRF:2
BRH:2
end_of_record
TN:
SF:src\controllers\middlewaresControllers\createCRUDController\remove.js
FN:1,(anonymous_0)
FNF:1
FNH:1
FNDA:2,(anonymous_0)
DA:1,1
DA:3,2
DA:7,2
DA:17,2
DA:18,1
DA:24,1
DA:32,1
LF:7
LH:7
BRDA:17,0,0,1
BRDA:17,0,1,1
BRF:2
BRH:2
end_of_record
TN:
SF:src\controllers\middlewaresControllers\createCRUDController\search.js
FN:1,(anonymous_0)
FNF:1
FNH:1
FNDA:3,(anonymous_0)
DA:1,1
DA:13,3
DA:15,3
DA:17,3
DA:18,5
DA:22,3
DA:30,3
DA:31,2
DA:37,1
DA:48,1
LF:10
LH:10
BRDA:13,0,0,2
BRDA:13,0,1,1
BRDA:30,1,0,2
BRDA:30,1,1,1
BRF:4
BRH:4
end_of_record
TN:
SF:src\controllers\middlewaresControllers\createCRUDController\update.js
FN:1,(anonymous_0)
FNF:1
FNH:1
FNDA:2,(anonymous_0)
DA:1,1
DA:3,2
DA:4,2
DA:15,2
DA:16,1
DA:22,1
DA:30,1
LF:7
LH:7
BRDA:15,0,0,1
BRDA:15,0,1,1
BRF:2
BRH:2
end_of_record
TN:
SF:src\controllers\middlewaresControllers\createUserController\read.js
FN:3,(anonymous_0)
FNF:1
FNH:1
FNDA:2,(anonymous_0)
DA:1,1
DA:3,1
DA:4,2
DA:7,2
DA:12,2
DA:13,1
DA:20,1
DA:30,1
DA:38,1
LF:9
LH:9
BRDA:12,0,0,1
BRDA:12,0,1,1
BRF:2
BRH:2
end_of_record
TN:
SF:src\controllers\middlewaresControllers\createUserController\updatePassword.js
FN:5,(anonymous_0)
FNF:1
FNH:1
FNDA:4,(anonymous_0)
DA:1,1
DA:2,1
DA:3,1
DA:5,1
DA:6,4
DA:8,4
DA:9,4
DA:11,4
DA:13,4
DA:14,1
DA:20,3
DA:21,1
DA:28,2
DA:30,2
DA:32,2
DA:37,2
DA:47,2
DA:48,1
DA:55,1
DA:62,1
LF:20
LH:20
BRDA:13,0,0,1
BRDA:13,0,1,3
BRDA:20,1,0,1
BRDA:20,1,1,2
BRDA:47,2,0,1
BRDA:47,2,1,1
BRF:6
BRH:6
end_of_record
TN:
SF:src\controllers\middlewaresControllers\createUserController\updateProfile.js
FN:3,(anonymous_0)
FNF:1
FNH:1
FNDA:4,(anonymous_0)
DA:1,1
DA:3,1
DA:4,4
DA:6,4
DA:7,4
DA:9,4
DA:10,1
DA:17,3
DA:30,3
DA:38,3
DA:39,1
DA:45,2
DA:60,1
LF:13
LH:13
BRDA:9,0,0,1
BRDA:9,0,1,3
BRDA:17,1,0,2
BRDA:17,1,1,1
BRDA:38,2,0,1
BRDA:38,2,1,2
BRF:6
BRH:6
end_of_record
TN:
SF:src\controllers\middlewaresControllers\createUserController\updateProfilePassword.js
FN:6,(anonymous_0)
FNF:1
FNH:1
FNDA:6,(anonymous_0)
DA:1,1
DA:2,1
DA:4,1
DA:6,1
DA:7,6
DA:9,6
DA:10,6
DA:11,6
DA:13,6
DA:14,1
DA:16,5
DA:17,1
DA:21,4
DA:22,1
DA:26,3
DA:28,3
DA:30,3
DA:35,3
DA:36,1
DA:42,2
DA:50,2
DA:51,1
DA:58,1
DA:65,1
LF:24
LH:24
BRDA:13,0,0,1
BRDA:13,0,1,5
BRDA:13,1,0,6
BRDA:13,1,1,6
BRDA:16,2,0,1
BRDA:16,2,1,4
BRDA:21,3,0,1
BRDA:21,3,1,3
BRDA:35,4,0,1
BRDA:35,4,1,2
BRDA:50,5,0,1
BRDA:50,5,1,1
BRF:12
BRH:12
end_of_record
TN:
SF:src\handlers\errorHandlers.js
FN:9,(anonymous_0)
FN:10,(anonymous_1)
FN:11,(anonymous_2)
FN:39,(anonymous_3)
FN:51,(anonymous_4)
FN:71,(anonymous_5)
FNF:6
FNH:6
FNDA:1,(anonymous_0)
FNDA:1,(anonymous_1)
FNDA:1,(anonymous_2)
FNDA:1,(anonymous_3)
FNDA:1,(anonymous_4)
FNDA:1,(anonymous_5)
DA:9,1
DA:10,1
DA:11,1
DA:12,1
DA:13,0
DA:22,1
DA:39,1
DA:40,1
DA:51,1
DA:52,1
DA:53,1
DA:59,1
DA:71,1
DA:72,1
LF:14
LH:13
BRDA:12,0,0,0
BRDA:12,0,1,1
BRDA:52,1,0,1
BRDA:52,1,1,1
BRF:4
BRH:3
end_of_record
TN:
SF:src\handlers\downloadHandler\downloadPdf.js
FN:4,(anonymous_0)
FN:27,(anonymous_1)
FN:28,(anonymous_2)
FNF:3
FNH:3
FNDA:5,(anonymous_0)
FNDA:2,(anonymous_1)
FNDA:2,(anonymous_2)
DA:1,1
DA:2,1
DA:4,1
DA:5,5
DA:6,5
DA:7,5
DA:8,4
DA:9,4
DA:14,3
DA:15,1
DA:20,2
DA:21,2
DA:22,2
DA:23,2
DA:28,2
DA:29,2
DA:30,1
DA:40,1
DA:48,2
DA:49,1
DA:55,1
DA:57,0
DA:65,1
LF:23
LH:22
BRDA:7,0,0,4
BRDA:7,0,1,1
BRDA:14,1,0,1
BRDA:14,1,1,2
BRDA:29,2,0,1
BRDA:29,2,1,1
BRDA:48,3,0,1
BRDA:48,3,1,1
BRDA:55,4,0,0
BRDA:55,4,1,1
BRF:10
BRH:9
end_of_record
TN:
SF:src\middlewares\inventory\generateUniqueNumber.js
FN:1,generateUniqueNumber
FNF:1
FNH:1
FNDA:4,generateUniqueNumber
DA:2,4
DA:3,4
DA:4,4
DA:5,4
DA:6,4
DA:7,4
DA:8,4
DA:11,1
LF:8
LH:8
BRDA:1,0,0,3
BRF:1
BRH:1
end_of_record
TN:
SF:src\middlewares\settings\increaseBySettingKey.js
FN:5,(anonymous_0)
FNF:1
FNH:1
FNDA:4,(anonymous_0)
DA:1,1
DA:3,1
DA:5,1
DA:6,4
DA:7,4
DA:8,1
DA:11,3
DA:23,2
DA:24,1
DA:27,1
DA:30,1
DA:34,1
LF:12
LH:12
BRDA:7,0,0,1
BRDA:7,0,1,3
BRDA:23,1,0,1
BRDA:23,1,1,1
BRF:4
BRH:4
end_of_record
TN:
SF:src\middlewares\settings\listAllSettings.js
FN:5,(anonymous_0)
FNF:1
FNH:1
FNDA:3,(anonymous_0)
DA:1,1
DA:3,1
DA:5,1
DA:6,3
DA:8,3
DA:12,2
DA:13,1
DA:15,1
DA:18,1
DA:22,1
LF:10
LH:10
BRDA:12,0,0,1
BRDA:12,0,1,1
BRF:2
BRH:2
end_of_record
TN:
SF:src\middlewares\settings\readBySettingKey.js
FN:5,(anonymous_0)
FNF:1
FNH:1
FNDA:4,(anonymous_0)
DA:1,1
DA:3,1
DA:5,1
DA:6,4
DA:9,4
DA:10,1
DA:13,3
DA:15,2
DA:16,1
DA:19,1
DA:22,1
DA:26,1
LF:12
LH:12
BRDA:9,0,0,1
BRDA:9,0,1,3
BRDA:15,1,0,1
BRDA:15,1,1,1
BRF:4
BRH:4
end_of_record
TN:
SF:src\middlewares\settings\updateBySettingKey.js
FN:5,(anonymous_0)
FNF:1
FNH:1
FNDA:5,(anonymous_0)
DA:1,1
DA:3,1
DA:5,1
DA:6,5
DA:7,5
DA:8,2
DA:11,3
DA:22,2
DA:23,1
DA:26,1
DA:29,1
DA:33,1
LF:12
LH:12
BRDA:7,0,0,2
BRDA:7,0,1,3
BRDA:7,1,0,5
BRDA:7,1,1,4
BRDA:22,2,0,1
BRDA:22,2,1,1
BRF:6
BRH:6
end_of_record
TN:
SF:src\middlewares\uploadMiddleware\DoSingleStorage.js
FN:24,(anonymous_0)
FN:30,(anonymous_1)
FNF:2
FNH:2
FNDA:4,(anonymous_0)
FNDA:4,(anonymous_1)
DA:1,1
DA:2,1
DA:4,1
DA:5,1
DA:6,1
DA:8,1
DA:10,1
DA:11,1
DA:12,1
DA:13,1
DA:15,1
DA:24,1
DA:30,4
DA:31,4
DA:32,1
DA:33,1
DA:35,3
DA:37,3
DA:38,3
DA:40,1
DA:43,2
DA:44,2
DA:46,2
DA:48,2
DA:49,2
DA:50,0
DA:52,2
DA:55,2
DA:57,2
DA:59,2
DA:65,2
DA:66,2
DA:68,1
DA:70,1
DA:79,1
DA:80,1
DA:83,2
DA:94,1
LF:38
LH:37
BRDA:26,0,0,0
BRDA:27,1,0,4
BRDA:28,2,0,4
BRDA:31,3,0,1
BRDA:31,3,1,3
BRDA:31,4,0,4
BRDA:31,4,1,4
BRDA:31,4,2,3
BRDA:38,5,0,1
BRDA:38,5,1,2
BRDA:49,6,0,0
BRDA:49,6,1,2
BRDA:68,7,0,1
BRDA:68,7,1,0
BRF:14
BRH:11
end_of_record
TN:
SF:src\middlewares\uploadMiddleware\utils\LocalfileFilter.js
FN:2,(anonymous_0)
FN:3,(anonymous_1)
FNF:2
FNH:2
FNDA:8,(anonymous_0)
FNDA:19,(anonymous_1)
DA:2,1
DA:3,8
DA:5,19
DA:25,19
DA:26,1
DA:28,18
DA:30,18
DA:31,2
DA:32,1
DA:34,16
DA:35,2
DA:36,1
DA:38,14
DA:39,2
DA:40,1
DA:42,12
DA:43,2
DA:44,1
DA:46,10
DA:47,4
DA:55,1
DA:57,6
DA:58,3
DA:64,1
DA:66,3
DA:67,3
DA:72,1
DA:76,18
DA:77,11
DA:79,7
DA:84,1
LF:31
LH:31
BRDA:2,0,0,0
BRDA:25,1,0,1
BRDA:25,1,1,18
BRDA:30,2,0,2
BRDA:30,2,1,16
BRDA:31,3,0,1
BRDA:31,3,1,1
BRDA:34,4,0,2
BRDA:34,4,1,14
BRDA:35,5,0,1
BRDA:35,5,1,1
BRDA:38,6,0,2
BRDA:38,6,1,12
BRDA:39,7,0,1
BRDA:39,7,1,1
BRDA:42,8,0,2
BRDA:42,8,1,10
BRDA:43,9,0,1
BRDA:43,9,1,1
BRDA:46,10,0,4
BRDA:46,10,1,6
BRDA:47,11,0,1
BRDA:47,11,1,3
BRDA:48,12,0,4
BRDA:48,12,1,3
BRDA:48,12,2,2
BRDA:48,12,3,1
BRDA:57,13,0,3
BRDA:57,13,1,3
BRDA:58,14,0,1
BRDA:58,14,1,2
BRDA:59,15,0,3
BRDA:59,15,1,2
BRDA:66,16,0,3
BRDA:66,16,1,0
BRDA:67,17,0,1
BRDA:67,17,1,2
BRDA:68,18,0,3
BRDA:68,18,1,2
BRDA:68,18,2,2
BRDA:76,19,0,11
BRDA:76,19,1,7
BRF:42
BRH:40
end_of_record
TN:
SF:src\middlewares\uploadMiddleware\utils\fileFilterMiddleware.js
FN:1,(anonymous_0)
FNF:1
FNH:1
FNDA:21,(anonymous_0)
DA:1,2
DA:3,21
DA:23,21
DA:24,1
DA:26,20
DA:28,20
DA:29,3
DA:30,2
DA:32,17
DA:33,3
DA:34,2
DA:36,14
DA:37,2
DA:38,1
DA:40,12
DA:41,2
DA:42,1
DA:44,10
DA:45,4
DA:53,1
DA:55,6
DA:56,3
DA:60,1
DA:62,3
DA:63,3
DA:68,1
DA:72,20
DA:73,11
DA:75,9
DA:80,2
LF:30
LH:30
BRDA:1,0,0,0
BRDA:23,1,0,1
BRDA:23,1,1,20
BRDA:28,2,0,3
BRDA:28,2,1,17
BRDA:29,3,0,2
BRDA:29,3,1,1
BRDA:32,4,0,3
BRDA:32,4,1,14
BRDA:33,5,0,2
BRDA:33,5,1,1
BRDA:36,6,0,2
BRDA:36,6,1,12
BRDA:37,7,0,1
BRDA:37,7,1,1
BRDA:40,8,0,2
BRDA:40,8,1,10
BRDA:41,9,0,1
BRDA:41,9,1,1
BRDA:44,10,0,4
BRDA:44,10,1,6
BRDA:45,11,0,1
BRDA:45,11,1,3
BRDA:46,12,0,4
BRDA:46,12,1,3
BRDA:46,12,2,2
BRDA:46,12,3,1
BRDA:55,13,0,3
BRDA:55,13,1,3
BRDA:56,14,0,1
BRDA:56,14,1,2
BRDA:57,15,0,3
BRDA:57,15,1,2
BRDA:62,16,0,3
BRDA:62,16,1,0
BRDA:63,17,0,1
BRDA:63,17,1,2
BRDA:64,18,0,3
BRDA:64,18,1,2
BRDA:64,18,2,2
BRDA:72,19,0,11
BRDA:72,19,1,9
BRF:42
BRH:40
end_of_record
